<?xml version="1.0" encoding="UTF-8"?>
<!-- Generated by org.testng.reporters.JUnitReportReporter -->
<testsuite skipped="0" hostname="DESKTOP-1RF5DFL" name="GTSeleniumProject.BangaloreWebAutomation.SmokeTest" tests="3" failures="0" timestamp="23 Aug 2020 15:16:02 GMT" time="0.093" errors="0">
  <testcase name="LoginPage" time="0.002" classname="GTSeleniumProject.BangaloreWebAutomation.SmokeTest"/>
  <testcase name="browserOpen" time="0.002" classname="GTSeleniumProject.BangaloreWebAutomation.SmokeTest"/>
  <testcase name="ApplicationLanching" time="0.089" classname="GTSeleniumProject.BangaloreWebAutomation.SmokeTest"/>
</testsuite> <!-- GTSeleniumProject.BangaloreWebAutomation.SmokeTest -->
