<?xml version="1.0" encoding="UTF-8"?>
<!-- Generated by org.testng.reporters.JUnitReportReporter -->
<testsuite skipped="0" hostname="DESKTOP-1RF5DFL" name="GTSeleniumProject.BangaloreWebAutomation.RegressionTest" tests="4" failures="0" timestamp="23 Aug 2020 15:17:42 GMT" time="0.146" errors="0">
  <testcase name="browserOpen" time="0.004" classname="GTSeleniumProject.BangaloreWebAutomation.RegressionTest"/>
  <testcase name="HomePage" time="0.006" classname="GTSeleniumProject.BangaloreWebAutomation.RegressionTest"/>
  <testcase name="LoginPage" time="0.002" classname="GTSeleniumProject.BangaloreWebAutomation.RegressionTest"/>
  <testcase name="ApplicationLanching" time="0.134" classname="GTSeleniumProject.BangaloreWebAutomation.RegressionTest"/>
</testsuite> <!-- GTSeleniumProject.BangaloreWebAutomation.RegressionTest -->
